<html>
<head>
<title>TestNG:  Test</title>
<link href="../testng.css" rel="stylesheet" type="text/css" />
<link href="../my-testng.css" rel="stylesheet" type="text/css" />

<style type="text/css">
.log { display: none;} 
.stack-trace { display: none;} 
</style>
<script type="text/javascript">
<!--
function flip(e) {
  current = e.style.display;
  if (current == 'block') {
    e.style.display = 'none';
    return 0;
  }
  else {
    e.style.display = 'block';
    return 1;
  }
}

function toggleBox(szDivId, elem, msg1, msg2)
{
  var res = -1;  if (document.getElementById) {
    res = flip(document.getElementById(szDivId));
  }
  else if (document.all) {
    // this is the way old msie versions work
    res = flip(document.all[szDivId]);
  }
  if(elem) {
    if(res == 0) elem.innerHTML = msg1; else elem.innerHTML = msg2;
  }

}

function toggleAllBoxes() {
  if (document.getElementsByTagName) {
    d = document.getElementsByTagName('div');
    for (i = 0; i < d.length; i++) {
      if (d[i].className == 'log') {
        flip(d[i]);
      }
    }
  }
}

// -->
</script>

</head>
<body>
<h2 align='center'>Test</h2><table border='1' align="center">
<tr>
<td>Tests passed/Failed/Skipped:</td><td>0/1/0</td>
</tr><tr>
<td>Started on:</td><td>Tue Apr 19 12:56:07 IST 2016</td>
</tr>
<tr><td>Total time:</td><td>65 seconds (65182 ms)</td>
</tr><tr>
<td>Included groups:</td><td></td>
</tr><tr>
<td>Excluded groups:</td><td></td>
</tr>
</table><p/>
<small><i>(Hover the method name to see the test class name)</i></small><p/>
<table width='100%' border='1' class='invocation-failed'>
<tr><td colspan='4' align='center'><b>FAILED TESTS</b></td></tr>
<tr><td><b>Test method</b></td>
<td width="30%"><b>Exception</b></td>
<td width="10%"><b>Time (seconds)</b></td>
<td><b>Instance</b></td>
</tr>
<tr>
<td title='com.pack.test.RechargeTest.rechargePayTM()'><b>rechargePayTM</b><br>Test class: com.pack.test.RechargeTest<br>Parameters: 9740172752</td>
<td><div><pre>com.pack.utility.SeleniumAutomationException: Timed out after 0 seconds waiting for presence of element located by: By.id: net.one97.paytm:id/edit_no
Build info: version: &apos;2.52.0&apos;, revision: &apos;4c2593cfc3689a7fcd7be52549167e5ccc93ad28&apos;, time: &apos;2016-02-11 11:22:43&apos;
System info: host: &apos;ASCDK041&apos;, ip: &apos;172.16.2.110&apos;, os.name: &apos;Windows 8.1&apos;, os.arch: &apos;amd64&apos;, os.version: &apos;6.3&apos;, java.version: &apos;1.8.0_25&apos;
Driver info: io.appium.java_client.android.AndroidDriver
Capabilities [{appPackage=net.one97.paytm, networkConnectionEnabled=true, warnings={}, databaseEnabled=false, deviceName=30045f91d44b3100, platform=LINUX, appActivity=net.one97.paytm.AJRMainActivity, desired={appPackage=net.one97.paytm, appActivity=net.one97.paytm.AJRMainActivity, platformVersion=4.4.2, platformName=Android, deviceName=SM-E700H}, platformVersion=4.4.2, webStorageEnabled=false, locationContextEnabled=false, browserName=Android, takesScreenshot=true, javascriptEnabled=true, platformName=Android}]
Session ID: 97c842be-a34e-41b0-89eb-da1b1a7a1fb2
	at com.pack.SeleniumHelpers.SeleniumBusiness.enterTextField(SeleniumBusiness.java:30)
	at com.pack.page.Recharge.enterPhoneNumber(Recharge.java:36)
	at com.pack.test.RechargeTest.rechargePayTM(RechargeTest.java:43)
	at java.util.concurrent.ThreadPoolExecutor.runWorker(Unknown Source)
	at java.util.concurrent.ThreadPoolExecutor$Worker.run(Unknown Source)
	at java.lang.Thread.run(Unknown Source)
Caused by: org.openqa.selenium.TimeoutException: Timed out after 0 seconds waiting for presence of element located by: By.id: net.one97.paytm:id/edit_no
Build info: version: &apos;2.52.0&apos;, revision: &apos;4c2593cfc3689a7fcd7be52549167e5ccc93ad28&apos;, time: &apos;2016-02-11 11:22:43&apos;
System info: host: &apos;ASCDK041&apos;, ip: &apos;172.16.2.110&apos;, os.name: &apos;Windows 8.1&apos;, os.arch: &apos;amd64&apos;, os.version: &apos;6.3&apos;, java.version: &apos;1.8.0_25&apos;
Driver info: io.appium.java_client.android.AndroidDriver
Capabilities [{appPackage=net.one97.paytm, networkConnectionEnabled=true, warnings={}, databaseEnabled=false, deviceName=30045f91d44b3100, platform=LINUX, appActivity=net.one97.paytm.AJRMainActivity, desired={appPackage=net.one97.paytm, appActivity=net.one97.paytm.AJRMainActivity, platformVersion=4.4.2, platformName=Android, deviceName=SM-E700H}, platformVersion=4.4.2, webStorageEnabled=false, locationContextEnabled=false, browserName=Android, takesScreenshot=true, javascriptEnabled=true, platformName=Android}]
Session ID: 97c842be-a34e-41b0-89eb-da1b1a7a1fb2
	at org.openqa.selenium.support.ui.WebDriverWait.timeoutException(WebDriverWait.java:80)
	at org.openqa.selenium.support.ui.FluentWait.until(FluentWait.java:261)
	at com.pack.SeleniumHelpers.SeleniumSpecific.waitFindElement(SeleniumSpecific.java:67)
	at com.pack.SeleniumHelpers.SeleniumBusiness.enterTextField(SeleniumBusiness.java:24)
	... 15 more
Caused by: org.openqa.selenium.NoSuchElementException: An element could not be located on the page using the given search parameters. (WARNING: The server did not provide any stacktrace information)
Command duration or timeout: 32.39 seconds
For documentation on this error, please visit: http://seleniumhq.org/exceptions/no_such_element.html
Build info: version: &apos;2.52.0&apos;, revision: &apos;4c2593cfc3689a7fcd7be52549167e5ccc93ad28&apos;, time: &apos;2016-02-11 11:22:43&apos;
System info: host: &apos;ASCDK041&apos;, ip: &apos;172.16.2.110&apos;, os.name: &apos;Windows 8.1&apos;, os.arch: &apos;amd64&apos;, os.version: &apos;6.3&apos;, java.version: &apos;1.8.0_25&apos;
Driver info: io.appium.java_client.android.AndroidDriver
Capabilities [{appPackage=net.one97.paytm, networkConnectionEnabled=true, warnings={}, databaseEnabled=false, deviceName=30045f91d44b3100, platform=LINUX, appActivity=net.one97.paytm.AJRMainActivity, desired={appPackage=net.one97.paytm, appActivity=net.one97.paytm.AJRMainActivity, platformVersion=4.4.2, platformName=Android, deviceName=SM-E700H}, platformVersion=4.4.2, webStorageEnabled=false, locationContextEnabled=false, browserName=Android, takesScreenshot=true, javascriptEnabled=true, platformName=Android}]
Session ID: 97c842be-a34e-41b0-89eb-da1b1a7a1fb2
*** Element info: {Using=id, value=net.one97.paytm:id/edit_no}
	at org.openqa.selenium.remote.ErrorHandler.createThrowable(ErrorHandler.java:206)
	at org.openqa.selenium.remote.ErrorHandler.throwIfResponseFailed(ErrorHandler.java:158)
	at org.openqa.selenium.remote.RemoteWebDriver.execute(RemoteWebDriver.java:678)
	at io.appium.java_client.AppiumDriver.execute(AppiumDriver.java:180)
	at org.openqa.selenium.remote.RemoteWebDriver.findElement(RemoteWebDriver.java:363)
	at org.openqa.selenium.remote.RemoteWebDriver.findElementById(RemoteWebDriver.java:413)
	at org.openqa.selenium.By$ById.findElement(By.java:218)
	at org.openqa.selenium.remote.RemoteWebDriver.findElement(RemoteWebDriver.java:355)
	at org.openqa.selenium.support.ui.ExpectedConditions.findElement(ExpectedConditions.java:911)
	at org.openqa.selenium.support.ui.ExpectedConditions.access$000(ExpectedConditions.java:41)
	at org.openqa.selenium.support.ui.ExpectedConditions$6.apply(ExpectedConditions.java:181)
	at org.openqa.selenium.support.ui.ExpectedConditions$6.apply(ExpectedConditions.java:178)
	at org.openqa.selenium.support.ui.FluentWait.until(FluentWait.java:238)
	... 17 more
... Removed 14 stack frames</pre></div><a href='#' onClick='toggleBox("stack-trace367216907", this, "Click to show all stack frames", "Click to hide stack frames")'>Click to show all stack frames</a>
<div class='stack-trace' id='stack-trace367216907'><pre>com.pack.utility.SeleniumAutomationException: Timed out after 0 seconds waiting for presence of element located by: By.id: net.one97.paytm:id/edit_no
Build info: version: &apos;2.52.0&apos;, revision: &apos;4c2593cfc3689a7fcd7be52549167e5ccc93ad28&apos;, time: &apos;2016-02-11 11:22:43&apos;
System info: host: &apos;ASCDK041&apos;, ip: &apos;172.16.2.110&apos;, os.name: &apos;Windows 8.1&apos;, os.arch: &apos;amd64&apos;, os.version: &apos;6.3&apos;, java.version: &apos;1.8.0_25&apos;
Driver info: io.appium.java_client.android.AndroidDriver
Capabilities [{appPackage=net.one97.paytm, networkConnectionEnabled=true, warnings={}, databaseEnabled=false, deviceName=30045f91d44b3100, platform=LINUX, appActivity=net.one97.paytm.AJRMainActivity, desired={appPackage=net.one97.paytm, appActivity=net.one97.paytm.AJRMainActivity, platformVersion=4.4.2, platformName=Android, deviceName=SM-E700H}, platformVersion=4.4.2, webStorageEnabled=false, locationContextEnabled=false, browserName=Android, takesScreenshot=true, javascriptEnabled=true, platformName=Android}]
Session ID: 97c842be-a34e-41b0-89eb-da1b1a7a1fb2
	at com.pack.SeleniumHelpers.SeleniumBusiness.enterTextField(SeleniumBusiness.java:30)
	at com.pack.page.Recharge.enterPhoneNumber(Recharge.java:36)
	at com.pack.test.RechargeTest.rechargePayTM(RechargeTest.java:43)
	at sun.reflect.NativeMethodAccessorImpl.invoke0(Native Method)
	at sun.reflect.NativeMethodAccessorImpl.invoke(Unknown Source)
	at sun.reflect.DelegatingMethodAccessorImpl.invoke(Unknown Source)
	at java.lang.reflect.Method.invoke(Unknown Source)
	at org.testng.internal.MethodInvocationHelper.invokeMethod(MethodInvocationHelper.java:86)
	at org.testng.internal.Invoker.invokeMethod(Invoker.java:643)
	at org.testng.internal.Invoker.invokeTestMethod(Invoker.java:820)
	at org.testng.internal.Invoker.invokeTestMethods(Invoker.java:1128)
	at org.testng.internal.TestMethodWorker.invokeTestMethods(TestMethodWorker.java:129)
	at org.testng.internal.TestMethodWorker.run(TestMethodWorker.java:112)
	at java.util.concurrent.ThreadPoolExecutor.runWorker(Unknown Source)
	at java.util.concurrent.ThreadPoolExecutor$Worker.run(Unknown Source)
	at java.lang.Thread.run(Unknown Source)
Caused by: org.openqa.selenium.TimeoutException: Timed out after 0 seconds waiting for presence of element located by: By.id: net.one97.paytm:id/edit_no
Build info: version: &apos;2.52.0&apos;, revision: &apos;4c2593cfc3689a7fcd7be52549167e5ccc93ad28&apos;, time: &apos;2016-02-11 11:22:43&apos;
System info: host: &apos;ASCDK041&apos;, ip: &apos;172.16.2.110&apos;, os.name: &apos;Windows 8.1&apos;, os.arch: &apos;amd64&apos;, os.version: &apos;6.3&apos;, java.version: &apos;1.8.0_25&apos;
Driver info: io.appium.java_client.android.AndroidDriver
Capabilities [{appPackage=net.one97.paytm, networkConnectionEnabled=true, warnings={}, databaseEnabled=false, deviceName=30045f91d44b3100, platform=LINUX, appActivity=net.one97.paytm.AJRMainActivity, desired={appPackage=net.one97.paytm, appActivity=net.one97.paytm.AJRMainActivity, platformVersion=4.4.2, platformName=Android, deviceName=SM-E700H}, platformVersion=4.4.2, webStorageEnabled=false, locationContextEnabled=false, browserName=Android, takesScreenshot=true, javascriptEnabled=true, platformName=Android}]
Session ID: 97c842be-a34e-41b0-89eb-da1b1a7a1fb2
	at org.openqa.selenium.support.ui.WebDriverWait.timeoutException(WebDriverWait.java:80)
	at org.openqa.selenium.support.ui.FluentWait.until(FluentWait.java:261)
	at com.pack.SeleniumHelpers.SeleniumSpecific.waitFindElement(SeleniumSpecific.java:67)
	at com.pack.SeleniumHelpers.SeleniumBusiness.enterTextField(SeleniumBusiness.java:24)
	... 15 more
Caused by: org.openqa.selenium.NoSuchElementException: An element could not be located on the page using the given search parameters. (WARNING: The server did not provide any stacktrace information)
Command duration or timeout: 32.39 seconds
For documentation on this error, please visit: http://seleniumhq.org/exceptions/no_such_element.html
Build info: version: &apos;2.52.0&apos;, revision: &apos;4c2593cfc3689a7fcd7be52549167e5ccc93ad28&apos;, time: &apos;2016-02-11 11:22:43&apos;
System info: host: &apos;ASCDK041&apos;, ip: &apos;172.16.2.110&apos;, os.name: &apos;Windows 8.1&apos;, os.arch: &apos;amd64&apos;, os.version: &apos;6.3&apos;, java.version: &apos;1.8.0_25&apos;
Driver info: io.appium.java_client.android.AndroidDriver
Capabilities [{appPackage=net.one97.paytm, networkConnectionEnabled=true, warnings={}, databaseEnabled=false, deviceName=30045f91d44b3100, platform=LINUX, appActivity=net.one97.paytm.AJRMainActivity, desired={appPackage=net.one97.paytm, appActivity=net.one97.paytm.AJRMainActivity, platformVersion=4.4.2, platformName=Android, deviceName=SM-E700H}, platformVersion=4.4.2, webStorageEnabled=false, locationContextEnabled=false, browserName=Android, takesScreenshot=true, javascriptEnabled=true, platformName=Android}]
Session ID: 97c842be-a34e-41b0-89eb-da1b1a7a1fb2
*** Element info: {Using=id, value=net.one97.paytm:id/edit_no}
	at sun.reflect.NativeConstructorAccessorImpl.newInstance0(Native Method)
	at sun.reflect.NativeConstructorAccessorImpl.newInstance(Unknown Source)
	at sun.reflect.DelegatingConstructorAccessorImpl.newInstance(Unknown Source)
	at java.lang.reflect.Constructor.newInstance(Unknown Source)
	at org.openqa.selenium.remote.ErrorHandler.createThrowable(ErrorHandler.java:206)
	at org.openqa.selenium.remote.ErrorHandler.throwIfResponseFailed(ErrorHandler.java:158)
	at org.openqa.selenium.remote.RemoteWebDriver.execute(RemoteWebDriver.java:678)
	at io.appium.java_client.AppiumDriver.execute(AppiumDriver.java:180)
	at org.openqa.selenium.remote.RemoteWebDriver.findElement(RemoteWebDriver.java:363)
	at org.openqa.selenium.remote.RemoteWebDriver.findElementById(RemoteWebDriver.java:413)
	at org.openqa.selenium.By$ById.findElement(By.java:218)
	at org.openqa.selenium.remote.RemoteWebDriver.findElement(RemoteWebDriver.java:355)
	at org.openqa.selenium.support.ui.ExpectedConditions.findElement(ExpectedConditions.java:911)
	at org.openqa.selenium.support.ui.ExpectedConditions.access$000(ExpectedConditions.java:41)
	at org.openqa.selenium.support.ui.ExpectedConditions$6.apply(ExpectedConditions.java:181)
	at org.openqa.selenium.support.ui.ExpectedConditions$6.apply(ExpectedConditions.java:178)
	at org.openqa.selenium.support.ui.FluentWait.until(FluentWait.java:238)
	... 17 more
</pre></div></td>
<td>32</td>
<td>com.pack.test.RechargeTest@1593948d</td></tr>
</table><p>
</body>
</html>