<!DOCTYPE html PUBLIC "-//W3C//DTD XHTML 1.1//EN" "http://www.w3.org/TR/xhtml11/DTD/xhtml11.dtd">
<html xmlns="http://www.w3.org/1999/xhtml"><head><title>TestNG Report</title><style type="text/css">table {margin-bottom:10px;border-collapse:collapse;empty-cells:show}th,td {border:1px solid #009;padding:.25em .5em}th {vertical-align:bottom}td {vertical-align:top}table a {font-weight:bold}.stripe td {background-color: #E6EBF9}.num {text-align:right}.passedodd td {background-color: #3F3}.passedeven td {background-color: #0A0}.skippedodd td {background-color: #DDD}.skippedeven td {background-color: #CCC}.failedodd td,.attn {background-color: #F33}.failedeven td,.stripe .attn {background-color: #D00}.stacktrace {white-space:pre;font-family:monospace}.totop {font-size:85%;text-align:center;border-bottom:2px solid #000}</style></head><body><table><tr><th>Test</th><th># Passed</th><th># Skipped</th><th># Failed</th><th>Time (ms)</th><th>Included Groups</th><th>Excluded Groups</th></tr><tr><th colspan="7">Suite</th></tr><tr><td><a href="#t0">Test</a></td><td class="num">0</td><td class="num">0</td><td class="num attn">1</td><td class="num">65,182</td><td></td><td></td></tr></table><table><thead><tr><th>Class</th><th>Method</th><th>Start</th><th>Time (ms)</th></tr></thead><tbody><tr><th colspan="4">Suite</th></tr></tbody><tbody id="t0"><tr><th colspan="4">Test &#8212; failed</th></tr><tr class="failedeven"><td rowspan="1">com.pack.test.RechargeTest</td><td><a href="#m0">rechargePayTM</a></td><td rowspan="1">1461050796962</td><td rowspan="1">32481</td></tr></tbody></table><h2>Test</h2><h3 id="m0">com.pack.test.RechargeTest#rechargePayTM</h3><table class="result"><tr class="param"><th>Parameter #1</th></tr><tr class="param stripe"><td>9740172752</td></tr><tr><th>Exception</th></tr><tr><td><div class="stacktrace">com.pack.utility.SeleniumAutomationException: Timed out after 0 seconds waiting for presence of element located by: By.id: net.one97.paytm:id/edit_no
Build info: version: &apos;2.52.0&apos;, revision: &apos;4c2593cfc3689a7fcd7be52549167e5ccc93ad28&apos;, time: &apos;2016-02-11 11:22:43&apos;
System info: host: &apos;ASCDK041&apos;, ip: &apos;172.16.2.110&apos;, os.name: &apos;Windows 8.1&apos;, os.arch: &apos;amd64&apos;, os.version: &apos;6.3&apos;, java.version: &apos;1.8.0_25&apos;
Driver info: io.appium.java_client.android.AndroidDriver
Capabilities [{appPackage=net.one97.paytm, networkConnectionEnabled=true, warnings={}, databaseEnabled=false, deviceName=30045f91d44b3100, platform=LINUX, appActivity=net.one97.paytm.AJRMainActivity, desired={appPackage=net.one97.paytm, appActivity=net.one97.paytm.AJRMainActivity, platformVersion=4.4.2, platformName=Android, deviceName=SM-E700H}, platformVersion=4.4.2, webStorageEnabled=false, locationContextEnabled=false, browserName=Android, takesScreenshot=true, javascriptEnabled=true, platformName=Android}]
Session ID: 97c842be-a34e-41b0-89eb-da1b1a7a1fb2
	at com.pack.SeleniumHelpers.SeleniumBusiness.enterTextField(SeleniumBusiness.java:30)
	at com.pack.page.Recharge.enterPhoneNumber(Recharge.java:36)
	at com.pack.test.RechargeTest.rechargePayTM(RechargeTest.java:43)
	at java.util.concurrent.ThreadPoolExecutor.runWorker(Unknown Source)
	at java.util.concurrent.ThreadPoolExecutor$Worker.run(Unknown Source)
	at java.lang.Thread.run(Unknown Source)
Caused by: org.openqa.selenium.TimeoutException: Timed out after 0 seconds waiting for presence of element located by: By.id: net.one97.paytm:id/edit_no
Build info: version: &apos;2.52.0&apos;, revision: &apos;4c2593cfc3689a7fcd7be52549167e5ccc93ad28&apos;, time: &apos;2016-02-11 11:22:43&apos;
System info: host: &apos;ASCDK041&apos;, ip: &apos;172.16.2.110&apos;, os.name: &apos;Windows 8.1&apos;, os.arch: &apos;amd64&apos;, os.version: &apos;6.3&apos;, java.version: &apos;1.8.0_25&apos;
Driver info: io.appium.java_client.android.AndroidDriver
Capabilities [{appPackage=net.one97.paytm, networkConnectionEnabled=true, warnings={}, databaseEnabled=false, deviceName=30045f91d44b3100, platform=LINUX, appActivity=net.one97.paytm.AJRMainActivity, desired={appPackage=net.one97.paytm, appActivity=net.one97.paytm.AJRMainActivity, platformVersion=4.4.2, platformName=Android, deviceName=SM-E700H}, platformVersion=4.4.2, webStorageEnabled=false, locationContextEnabled=false, browserName=Android, takesScreenshot=true, javascriptEnabled=true, platformName=Android}]
Session ID: 97c842be-a34e-41b0-89eb-da1b1a7a1fb2
	at org.openqa.selenium.support.ui.WebDriverWait.timeoutException(WebDriverWait.java:80)
	at org.openqa.selenium.support.ui.FluentWait.until(FluentWait.java:261)
	at com.pack.SeleniumHelpers.SeleniumSpecific.waitFindElement(SeleniumSpecific.java:67)
	at com.pack.SeleniumHelpers.SeleniumBusiness.enterTextField(SeleniumBusiness.java:24)
	... 15 more
Caused by: org.openqa.selenium.NoSuchElementException: An element could not be located on the page using the given search parameters. (WARNING: The server did not provide any stacktrace information)
Command duration or timeout: 32.39 seconds
For documentation on this error, please visit: http://seleniumhq.org/exceptions/no_such_element.html
Build info: version: &apos;2.52.0&apos;, revision: &apos;4c2593cfc3689a7fcd7be52549167e5ccc93ad28&apos;, time: &apos;2016-02-11 11:22:43&apos;
System info: host: &apos;ASCDK041&apos;, ip: &apos;172.16.2.110&apos;, os.name: &apos;Windows 8.1&apos;, os.arch: &apos;amd64&apos;, os.version: &apos;6.3&apos;, java.version: &apos;1.8.0_25&apos;
Driver info: io.appium.java_client.android.AndroidDriver
Capabilities [{appPackage=net.one97.paytm, networkConnectionEnabled=true, warnings={}, databaseEnabled=false, deviceName=30045f91d44b3100, platform=LINUX, appActivity=net.one97.paytm.AJRMainActivity, desired={appPackage=net.one97.paytm, appActivity=net.one97.paytm.AJRMainActivity, platformVersion=4.4.2, platformName=Android, deviceName=SM-E700H}, platformVersion=4.4.2, webStorageEnabled=false, locationContextEnabled=false, browserName=Android, takesScreenshot=true, javascriptEnabled=true, platformName=Android}]
Session ID: 97c842be-a34e-41b0-89eb-da1b1a7a1fb2
*** Element info: {Using=id, value=net.one97.paytm:id/edit_no}
	at org.openqa.selenium.remote.ErrorHandler.createThrowable(ErrorHandler.java:206)
	at org.openqa.selenium.remote.ErrorHandler.throwIfResponseFailed(ErrorHandler.java:158)
	at org.openqa.selenium.remote.RemoteWebDriver.execute(RemoteWebDriver.java:678)
	at io.appium.java_client.AppiumDriver.execute(AppiumDriver.java:180)
	at org.openqa.selenium.remote.RemoteWebDriver.findElement(RemoteWebDriver.java:363)
	at org.openqa.selenium.remote.RemoteWebDriver.findElementById(RemoteWebDriver.java:413)
	at org.openqa.selenium.By$ById.findElement(By.java:218)
	at org.openqa.selenium.remote.RemoteWebDriver.findElement(RemoteWebDriver.java:355)
	at org.openqa.selenium.support.ui.ExpectedConditions.findElement(ExpectedConditions.java:911)
	at org.openqa.selenium.support.ui.ExpectedConditions.access$000(ExpectedConditions.java:41)
	at org.openqa.selenium.support.ui.ExpectedConditions$6.apply(ExpectedConditions.java:181)
	at org.openqa.selenium.support.ui.ExpectedConditions$6.apply(ExpectedConditions.java:178)
	at org.openqa.selenium.support.ui.FluentWait.until(FluentWait.java:238)
	... 17 more
... Removed 14 stack frames</div></td></tr></table><p class="totop"><a href="#summary">back to summary</a></p></body></html>