<?xml version="1.0" encoding="UTF-8"?>
<!-- Generated by org.testng.reporters.JUnitReportReporter -->
<testsuite hostname="ASCDK041" name="com.pack.test.RechargeTest" tests="1" failures="0" timestamp="19 Apr 2016 07:27:13 GMT" time="32.481" errors="1">
  <testcase name="rechargePayTM" time="32.481" classname="com.pack.test.RechargeTest">
    <error type="com.pack.utility.SeleniumAutomationException" message="Timed out after 0 seconds waiting for presence of element located by: By.id: net.one97.paytm:id/edit_no
Build info: version: &#039;2.52.0&#039;, revision: &#039;4c2593cfc3689a7fcd7be52549167e5ccc93ad28&#039;, time: &#039;2016-02-11 11:22:43&#039;
System info: host: &#039;ASCDK041&#039;, ip: &#039;172.16.2.110&#039;, os.name: &#039;Windows 8.1&#039;, os.arch: &#039;amd64&#039;, os.version: &#039;6.3&#039;, java.version: &#039;1.8.0_25&#039;
Driver info: io.appium.java_client.android.AndroidDriver
Capabilities [{appPackage=net.one97.paytm, networkConnectionEnabled=true, warnings={}, databaseEnabled=false, deviceName=30045f91d44b3100, platform=LINUX, appActivity=net.one97.paytm.AJRMainActivity, desired={appPackage=net.one97.paytm, appActivity=net.one97.paytm.AJRMainActivity, platformVersion=4.4.2, platformName=Android, deviceName=SM-E700H}, platformVersion=4.4.2, webStorageEnabled=false, locationContextEnabled=false, browserName=Android, takesScreenshot=true, javascriptEnabled=true, platformName=Android}]
Session ID: 97c842be-a34e-41b0-89eb-da1b1a7a1fb2">
      <![CDATA[com.pack.utility.SeleniumAutomationException: Timed out after 0 seconds waiting for presence of element located by: By.id: net.one97.paytm:id/edit_no
Build info: version: '2.52.0', revision: '4c2593cfc3689a7fcd7be52549167e5ccc93ad28', time: '2016-02-11 11:22:43'
System info: host: 'ASCDK041', ip: '172.16.2.110', os.name: 'Windows 8.1', os.arch: 'amd64', os.version: '6.3', java.version: '1.8.0_25'
Driver info: io.appium.java_client.android.AndroidDriver
Capabilities [{appPackage=net.one97.paytm, networkConnectionEnabled=true, warnings={}, databaseEnabled=false, deviceName=30045f91d44b3100, platform=LINUX, appActivity=net.one97.paytm.AJRMainActivity, desired={appPackage=net.one97.paytm, appActivity=net.one97.paytm.AJRMainActivity, platformVersion=4.4.2, platformName=Android, deviceName=SM-E700H}, platformVersion=4.4.2, webStorageEnabled=false, locationContextEnabled=false, browserName=Android, takesScreenshot=true, javascriptEnabled=true, platformName=Android}]
Session ID: 97c842be-a34e-41b0-89eb-da1b1a7a1fb2
	at com.pack.SeleniumHelpers.SeleniumBusiness.enterTextField(SeleniumBusiness.java:30)
	at com.pack.page.Recharge.enterPhoneNumber(Recharge.java:36)
	at com.pack.test.RechargeTest.rechargePayTM(RechargeTest.java:43)
	at sun.reflect.NativeMethodAccessorImpl.invoke0(Native Method)
	at sun.reflect.NativeMethodAccessorImpl.invoke(Unknown Source)
	at sun.reflect.DelegatingMethodAccessorImpl.invoke(Unknown Source)
	at java.lang.reflect.Method.invoke(Unknown Source)
	at org.testng.internal.MethodInvocationHelper.invokeMethod(MethodInvocationHelper.java:86)
	at org.testng.internal.Invoker.invokeMethod(Invoker.java:643)
	at org.testng.internal.Invoker.invokeTestMethod(Invoker.java:820)
	at org.testng.internal.Invoker.invokeTestMethods(Invoker.java:1128)
	at org.testng.internal.TestMethodWorker.invokeTestMethods(TestMethodWorker.java:129)
	at org.testng.internal.TestMethodWorker.run(TestMethodWorker.java:112)
	at java.util.concurrent.ThreadPoolExecutor.runWorker(Unknown Source)
	at java.util.concurrent.ThreadPoolExecutor$Worker.run(Unknown Source)
	at java.lang.Thread.run(Unknown Source)
Caused by: org.openqa.selenium.TimeoutException: Timed out after 0 seconds waiting for presence of element located by: By.id: net.one97.paytm:id/edit_no
Build info: version: '2.52.0', revision: '4c2593cfc3689a7fcd7be52549167e5ccc93ad28', time: '2016-02-11 11:22:43'
System info: host: 'ASCDK041', ip: '172.16.2.110', os.name: 'Windows 8.1', os.arch: 'amd64', os.version: '6.3', java.version: '1.8.0_25'
Driver info: io.appium.java_client.android.AndroidDriver
Capabilities [{appPackage=net.one97.paytm, networkConnectionEnabled=true, warnings={}, databaseEnabled=false, deviceName=30045f91d44b3100, platform=LINUX, appActivity=net.one97.paytm.AJRMainActivity, desired={appPackage=net.one97.paytm, appActivity=net.one97.paytm.AJRMainActivity, platformVersion=4.4.2, platformName=Android, deviceName=SM-E700H}, platformVersion=4.4.2, webStorageEnabled=false, locationContextEnabled=false, browserName=Android, takesScreenshot=true, javascriptEnabled=true, platformName=Android}]
Session ID: 97c842be-a34e-41b0-89eb-da1b1a7a1fb2
	at org.openqa.selenium.support.ui.WebDriverWait.timeoutException(WebDriverWait.java:80)
	at org.openqa.selenium.support.ui.FluentWait.until(FluentWait.java:261)
	at com.pack.SeleniumHelpers.SeleniumSpecific.waitFindElement(SeleniumSpecific.java:67)
	at com.pack.SeleniumHelpers.SeleniumBusiness.enterTextField(SeleniumBusiness.java:24)
	... 15 more
Caused by: org.openqa.selenium.NoSuchElementException: An element could not be located on the page using the given search parameters. (WARNING: The server did not provide any stacktrace information)
Command duration or timeout: 32.39 seconds
For documentation on this error, please visit: http://seleniumhq.org/exceptions/no_such_element.html
Build info: version: '2.52.0', revision: '4c2593cfc3689a7fcd7be52549167e5ccc93ad28', time: '2016-02-11 11:22:43'
System info: host: 'ASCDK041', ip: '172.16.2.110', os.name: 'Windows 8.1', os.arch: 'amd64', os.version: '6.3', java.version: '1.8.0_25'
Driver info: io.appium.java_client.android.AndroidDriver
Capabilities [{appPackage=net.one97.paytm, networkConnectionEnabled=true, warnings={}, databaseEnabled=false, deviceName=30045f91d44b3100, platform=LINUX, appActivity=net.one97.paytm.AJRMainActivity, desired={appPackage=net.one97.paytm, appActivity=net.one97.paytm.AJRMainActivity, platformVersion=4.4.2, platformName=Android, deviceName=SM-E700H}, platformVersion=4.4.2, webStorageEnabled=false, locationContextEnabled=false, browserName=Android, takesScreenshot=true, javascriptEnabled=true, platformName=Android}]
Session ID: 97c842be-a34e-41b0-89eb-da1b1a7a1fb2
*** Element info: {Using=id, value=net.one97.paytm:id/edit_no}
	at sun.reflect.NativeConstructorAccessorImpl.newInstance0(Native Method)
	at sun.reflect.NativeConstructorAccessorImpl.newInstance(Unknown Source)
	at sun.reflect.DelegatingConstructorAccessorImpl.newInstance(Unknown Source)
	at java.lang.reflect.Constructor.newInstance(Unknown Source)
	at org.openqa.selenium.remote.ErrorHandler.createThrowable(ErrorHandler.java:206)
	at org.openqa.selenium.remote.ErrorHandler.throwIfResponseFailed(ErrorHandler.java:158)
	at org.openqa.selenium.remote.RemoteWebDriver.execute(RemoteWebDriver.java:678)
	at io.appium.java_client.AppiumDriver.execute(AppiumDriver.java:180)
	at org.openqa.selenium.remote.RemoteWebDriver.findElement(RemoteWebDriver.java:363)
	at org.openqa.selenium.remote.RemoteWebDriver.findElementById(RemoteWebDriver.java:413)
	at org.openqa.selenium.By$ById.findElement(By.java:218)
	at org.openqa.selenium.remote.RemoteWebDriver.findElement(RemoteWebDriver.java:355)
	at org.openqa.selenium.support.ui.ExpectedConditions.findElement(ExpectedConditions.java:911)
	at org.openqa.selenium.support.ui.ExpectedConditions.access$000(ExpectedConditions.java:41)
	at org.openqa.selenium.support.ui.ExpectedConditions$6.apply(ExpectedConditions.java:181)
	at org.openqa.selenium.support.ui.ExpectedConditions$6.apply(ExpectedConditions.java:178)
	at org.openqa.selenium.support.ui.FluentWait.until(FluentWait.java:238)
	... 17 more
]]>
    </error>
  </testcase> <!-- rechargePayTM -->
</testsuite> <!-- com.pack.test.RechargeTest -->
